<?xml version="1.0" encoding="UTF-8"?>
<testsuite name="com.npring.dbTest.OracleConnectionTest" tests="1" skipped="0" failures="0" errors="0" timestamp="2022-02-12T03:12:34" hostname="MacBook-Air.local" time="2.787">
  <properties/>
  <testcase name="testConnection()" classname="com.npring.dbTest.OracleConnectionTest" time="2.787"/>
  <system-out><![CDATA[12:12:27.732 [Test worker] DEBUG org.springframework.test.context.BootstrapUtils - Instantiating CacheAwareContextLoaderDelegate from class [org.springframework.test.context.cache.DefaultCacheAwareContextLoaderDelegate]
12:12:27.742 [Test worker] DEBUG org.springframework.test.context.BootstrapUtils - Instantiating BootstrapContext using constructor [public org.springframework.test.context.support.DefaultBootstrapContext(java.lang.Class,org.springframework.test.context.CacheAwareContextLoaderDelegate)]
12:12:27.785 [Test worker] DEBUG org.springframework.test.context.BootstrapUtils - Instantiating TestContextBootstrapper for test class [com.npring.dbTest.OracleConnectionTest] from class [org.springframework.boot.test.context.SpringBootTestContextBootstrapper]
12:12:27.796 [Test worker] INFO org.springframework.boot.test.context.SpringBootTestContextBootstrapper - Neither @ContextConfiguration nor @ContextHierarchy found for test class [com.npring.dbTest.OracleConnectionTest], using SpringBootContextLoader
12:12:27.799 [Test worker] DEBUG org.springframework.test.context.support.AbstractContextLoader - Did not detect default resource location for test class [com.npring.dbTest.OracleConnectionTest]: class path resource [com/npring/dbTest/OracleConnectionTest-context.xml] does not exist
12:12:27.800 [Test worker] DEBUG org.springframework.test.context.support.AbstractContextLoader - Did not detect default resource location for test class [com.npring.dbTest.OracleConnectionTest]: class path resource [com/npring/dbTest/OracleConnectionTestContext.groovy] does not exist
12:12:27.801 [Test worker] INFO org.springframework.test.context.support.AbstractContextLoader - Could not detect default resource locations for test class [com.npring.dbTest.OracleConnectionTest]: no resource found for suffixes {-context.xml, Context.groovy}.
12:12:27.832 [Test worker] INFO org.springframework.test.context.support.AnnotationConfigContextLoaderUtils - Could not detect default configuration classes for test class [com.npring.dbTest.OracleConnectionTest]: OracleConnectionTest does not declare any static, non-private, non-final, nested classes annotated with @Configuration.
12:12:27.910 [Test worker] DEBUG org.springframework.test.context.support.ActiveProfilesUtils - Could not find an 'annotation declaring class' for annotation type [org.springframework.test.context.ActiveProfiles] and class [com.npring.dbTest.OracleConnectionTest]
12:12:27.977 [Test worker] DEBUG org.springframework.context.annotation.ClassPathScanningCandidateComponentProvider - Identified candidate component class: file [/Users/kimsunho/javaStudy/npring/build/classes/java/main/com/npring/NpringApplication.class]
12:12:27.979 [Test worker] INFO org.springframework.boot.test.context.SpringBootTestContextBootstrapper - Found @SpringBootConfiguration com.npring.NpringApplication for test class com.npring.dbTest.OracleConnectionTest
12:12:28.095 [Test worker] DEBUG org.springframework.boot.test.context.SpringBootTestContextBootstrapper - @TestExecutionListeners is not present for class [com.npring.dbTest.OracleConnectionTest]: using defaults.
12:12:28.096 [Test worker] INFO org.springframework.boot.test.context.SpringBootTestContextBootstrapper - Loaded default TestExecutionListener class names from location [META-INF/spring.factories]: [org.springframework.boot.test.autoconfigure.restdocs.RestDocsTestExecutionListener, org.springframework.boot.test.autoconfigure.web.client.MockRestServiceServerResetTestExecutionListener, org.springframework.boot.test.autoconfigure.web.servlet.MockMvcPrintOnlyOnFailureTestExecutionListener, org.springframework.boot.test.autoconfigure.web.servlet.WebDriverTestExecutionListener, org.springframework.boot.test.autoconfigure.webservices.client.MockWebServiceServerTestExecutionListener, org.springframework.boot.test.mock.mockito.MockitoTestExecutionListener, org.springframework.boot.test.mock.mockito.ResetMocksTestExecutionListener, org.springframework.test.context.web.ServletTestExecutionListener, org.springframework.test.context.support.DirtiesContextBeforeModesTestExecutionListener, org.springframework.test.context.event.ApplicationEventsTestExecutionListener, org.springframework.test.context.support.DependencyInjectionTestExecutionListener, org.springframework.test.context.support.DirtiesContextTestExecutionListener, org.springframework.test.context.transaction.TransactionalTestExecutionListener, org.springframework.test.context.jdbc.SqlScriptsTestExecutionListener, org.springframework.test.context.event.EventPublishingTestExecutionListener]
12:12:28.106 [Test worker] DEBUG org.springframework.boot.test.context.SpringBootTestContextBootstrapper - Skipping candidate TestExecutionListener [org.springframework.test.context.transaction.TransactionalTestExecutionListener] due to a missing dependency. Specify custom listener classes or make the default listener classes and their required dependencies available. Offending class: [org/springframework/transaction/TransactionDefinition]
12:12:28.106 [Test worker] DEBUG org.springframework.boot.test.context.SpringBootTestContextBootstrapper - Skipping candidate TestExecutionListener [org.springframework.test.context.jdbc.SqlScriptsTestExecutionListener] due to a missing dependency. Specify custom listener classes or make the default listener classes and their required dependencies available. Offending class: [org/springframework/transaction/interceptor/TransactionAttribute]
12:12:28.106 [Test worker] INFO org.springframework.boot.test.context.SpringBootTestContextBootstrapper - Using TestExecutionListeners: [org.springframework.test.context.web.ServletTestExecutionListener@263f04ca, org.springframework.test.context.support.DirtiesContextBeforeModesTestExecutionListener@2ca47471, org.springframework.test.context.event.ApplicationEventsTestExecutionListener@5a021cb9, org.springframework.boot.test.mock.mockito.MockitoTestExecutionListener@51768776, org.springframework.boot.test.autoconfigure.SpringBootDependencyInjectionTestExecutionListener@f31c0c6, org.springframework.test.context.support.DirtiesContextTestExecutionListener@b93aad, org.springframework.test.context.event.EventPublishingTestExecutionListener@4a9419d7, org.springframework.boot.test.autoconfigure.restdocs.RestDocsTestExecutionListener@2f3c6ac4, org.springframework.boot.test.autoconfigure.web.client.MockRestServiceServerResetTestExecutionListener@2e8ab815, org.springframework.boot.test.autoconfigure.web.servlet.MockMvcPrintOnlyOnFailureTestExecutionListener@67af833b, org.springframework.boot.test.autoconfigure.web.servlet.WebDriverTestExecutionListener@d1f74b8, org.springframework.boot.test.autoconfigure.webservices.client.MockWebServiceServerTestExecutionListener@41394595, org.springframework.boot.test.mock.mockito.ResetMocksTestExecutionListener@3a0807b7]
12:12:28.110 [Test worker] DEBUG org.springframework.test.context.support.AbstractDirtiesContextTestExecutionListener - Before test class: context [DefaultTestContext@41200e0c testClass = OracleConnectionTest, testInstance = [null], testMethod = [null], testException = [null], mergedContextConfiguration = [WebMergedContextConfiguration@40f33492 testClass = OracleConnectionTest, locations = '{}', classes = '{class com.npring.NpringApplication}', contextInitializerClasses = '[]', activeProfiles = '{}', propertySourceLocations = '{}', propertySourceProperties = '{org.springframework.boot.test.context.SpringBootTestContextBootstrapper=true}', contextCustomizers = set[org.springframework.boot.test.autoconfigure.actuate.metrics.MetricsExportContextCustomizerFactory$DisableMetricExportContextCustomizer@5c530d1e, org.springframework.boot.test.autoconfigure.properties.PropertyMappingContextCustomizer@0, org.springframework.boot.test.autoconfigure.web.servlet.WebDriverContextCustomizerFactory$Customizer@3f07b12c, org.springframework.boot.test.context.filter.ExcludeFilterContextCustomizer@784b990c, org.springframework.boot.test.json.DuplicateJsonObjectContextCustomizerFactory$DuplicateJsonObjectContextCustomizer@5d1659ea, org.springframework.boot.test.mock.mockito.MockitoContextCustomizer@0, org.springframework.boot.test.web.client.TestRestTemplateContextCustomizer@5644dc81, org.springframework.boot.test.context.SpringBootTestArgs@1, org.springframework.boot.test.context.SpringBootTestWebEnvironment@5d908d47], resourceBasePath = 'src/main/webapp', contextLoader = 'org.springframework.boot.test.context.SpringBootContextLoader', parent = [null]], attributes = map['org.springframework.test.context.web.ServletTestExecutionListener.activateListener' -> true]], class annotated with @DirtiesContext [false] with mode [null].

  .   ____          _            __ _ _
 /\\ / ___'_ __ _ _(_)_ __  __ _ \ \ \ \
( ( )\___ | '_ | '_| | '_ \/ _` | \ \ \ \
 \\/  ___)| |_)| | | | | || (_| |  ) ) ) )
  '  |____| .__|_| |_|_| |_\__, | / / / /
 =========|_|==============|___/=/_/_/_/
 :: Spring Boot ::                (v2.6.3)

2022-02-12 12:12:28.704  INFO 3871 --- [    Test worker] com.npring.dbTest.OracleConnectionTest   : Starting OracleConnectionTest using Java 11.0.12 on MacBook-Air.local with PID 3871 (started by kimsunho in /Users/kimsunho/javaStudy/npring)
2022-02-12 12:12:28.707  INFO 3871 --- [    Test worker] com.npring.dbTest.OracleConnectionTest   : No active profile set, falling back to default profiles: default
2022-02-12 12:12:32.172  INFO 3871 --- [    Test worker] ptablePropertiesBeanFactoryPostProcessor : Post-processing PropertySource instances
2022-02-12 12:12:32.216  INFO 3871 --- [    Test worker] c.u.j.EncryptablePropertySourceConverter : Converting PropertySource configurationProperties [org.springframework.boot.context.properties.source.ConfigurationPropertySourcesPropertySource] to AOP Proxy
2022-02-12 12:12:32.220  INFO 3871 --- [    Test worker] c.u.j.EncryptablePropertySourceConverter : Converting PropertySource test [org.springframework.core.env.MapPropertySource] to EncryptableMapPropertySourceWrapper
2022-02-12 12:12:32.220  INFO 3871 --- [    Test worker] c.u.j.EncryptablePropertySourceConverter : Converting PropertySource Inlined Test Properties [org.springframework.core.env.MapPropertySource] to EncryptableMapPropertySourceWrapper
2022-02-12 12:12:32.220  INFO 3871 --- [    Test worker] c.u.j.EncryptablePropertySourceConverter : Converting PropertySource servletConfigInitParams [org.springframework.core.env.PropertySource$StubPropertySource] to EncryptablePropertySourceWrapper
2022-02-12 12:12:32.221  INFO 3871 --- [    Test worker] c.u.j.EncryptablePropertySourceConverter : Converting PropertySource servletContextInitParams [org.springframework.web.context.support.ServletContextPropertySource] to EncryptableEnumerablePropertySourceWrapper
2022-02-12 12:12:32.221  INFO 3871 --- [    Test worker] c.u.j.EncryptablePropertySourceConverter : Converting PropertySource systemProperties [org.springframework.core.env.PropertiesPropertySource] to EncryptableMapPropertySourceWrapper
2022-02-12 12:12:32.221  INFO 3871 --- [    Test worker] c.u.j.EncryptablePropertySourceConverter : Converting PropertySource systemEnvironment [org.springframework.boot.env.SystemEnvironmentPropertySourceEnvironmentPostProcessor$OriginAwareSystemEnvironmentPropertySource] to EncryptableSystemEnvironmentPropertySourceWrapper
2022-02-12 12:12:32.221  INFO 3871 --- [    Test worker] c.u.j.EncryptablePropertySourceConverter : Converting PropertySource random [org.springframework.boot.env.RandomValuePropertySource] to EncryptablePropertySourceWrapper
2022-02-12 12:12:32.221  INFO 3871 --- [    Test worker] c.u.j.EncryptablePropertySourceConverter : Converting PropertySource Config resource 'class path resource [application.properties]' via location 'optional:classpath:/' [org.springframework.boot.env.OriginTrackedMapPropertySource] to EncryptableMapPropertySourceWrapper
2022-02-12 12:12:32.569  INFO 3871 --- [    Test worker] c.u.j.filter.DefaultLazyPropertyFilter   : Property Filter custom Bean not found with name 'encryptablePropertyFilter'. Initializing Default Property Filter
2022-02-12 12:12:32.820  INFO 3871 --- [    Test worker] c.u.j.r.DefaultLazyPropertyResolver      : Property Resolver custom Bean not found with name 'encryptablePropertyResolver'. Initializing Default Property Resolver
2022-02-12 12:12:32.824  INFO 3871 --- [    Test worker] c.u.j.d.DefaultLazyPropertyDetector      : Property Detector custom Bean not found with name 'encryptablePropertyDetector'. Initializing Default Property Detector
2022-02-12 12:12:34.118  INFO 3871 --- [    Test worker] com.npring.dbTest.OracleConnectionTest   : Started OracleConnectionTest in 5.891 seconds (JVM running for 7.635)
com.mysql.cj.jdbc.ConnectionImpl@4d8f2cfd
]]></system-out>
  <system-err><![CDATA[]]></system-err>
</testsuite>
