<?xml version="1.0" encoding="UTF-8"?>
<testsuite name="com.npring.config.JasyptConfigTest" tests="1" skipped="0" failures="0" errors="0" timestamp="2022-02-12T07:09:46" hostname="MacBook-Air.local" time="0.583">
  <properties/>
  <testcase name="DB 암호화 처리" classname="com.npring.config.JasyptConfigTest" time="0.583"/>
  <system-out><![CDATA[16:09:39.049 [Test worker] DEBUG org.springframework.test.context.BootstrapUtils - Instantiating CacheAwareContextLoaderDelegate from class [org.springframework.test.context.cache.DefaultCacheAwareContextLoaderDelegate]
16:09:39.061 [Test worker] DEBUG org.springframework.test.context.BootstrapUtils - Instantiating BootstrapContext using constructor [public org.springframework.test.context.support.DefaultBootstrapContext(java.lang.Class,org.springframework.test.context.CacheAwareContextLoaderDelegate)]
16:09:39.107 [Test worker] DEBUG org.springframework.test.context.BootstrapUtils - Instantiating TestContextBootstrapper for test class [com.npring.config.JasyptConfigTest] from class [org.springframework.boot.test.context.SpringBootTestContextBootstrapper]
16:09:39.165 [Test worker] INFO org.springframework.boot.test.context.SpringBootTestContextBootstrapper - Neither @ContextConfiguration nor @ContextHierarchy found for test class [com.npring.config.JasyptConfigTest], using SpringBootContextLoader
16:09:39.170 [Test worker] DEBUG org.springframework.test.context.support.AbstractContextLoader - Did not detect default resource location for test class [com.npring.config.JasyptConfigTest]: class path resource [com/npring/config/JasyptConfigTest-context.xml] does not exist
16:09:39.171 [Test worker] DEBUG org.springframework.test.context.support.AbstractContextLoader - Did not detect default resource location for test class [com.npring.config.JasyptConfigTest]: class path resource [com/npring/config/JasyptConfigTestContext.groovy] does not exist
16:09:39.172 [Test worker] INFO org.springframework.test.context.support.AbstractContextLoader - Could not detect default resource locations for test class [com.npring.config.JasyptConfigTest]: no resource found for suffixes {-context.xml, Context.groovy}.
16:09:39.176 [Test worker] INFO org.springframework.test.context.support.AnnotationConfigContextLoaderUtils - Could not detect default configuration classes for test class [com.npring.config.JasyptConfigTest]: JasyptConfigTest does not declare any static, non-private, non-final, nested classes annotated with @Configuration.
16:09:39.248 [Test worker] DEBUG org.springframework.test.context.support.ActiveProfilesUtils - Could not find an 'annotation declaring class' for annotation type [org.springframework.test.context.ActiveProfiles] and class [com.npring.config.JasyptConfigTest]
16:09:39.335 [Test worker] DEBUG org.springframework.context.annotation.ClassPathScanningCandidateComponentProvider - Identified candidate component class: file [/Users/kimsunho/javaStudy/npring/build/classes/java/main/com/npring/NpringApplication.class]
16:09:39.339 [Test worker] INFO org.springframework.boot.test.context.SpringBootTestContextBootstrapper - Found @SpringBootConfiguration com.npring.NpringApplication for test class com.npring.config.JasyptConfigTest
16:09:39.443 [Test worker] DEBUG org.springframework.boot.test.context.SpringBootTestContextBootstrapper - @TestExecutionListeners is not present for class [com.npring.config.JasyptConfigTest]: using defaults.
16:09:39.443 [Test worker] INFO org.springframework.boot.test.context.SpringBootTestContextBootstrapper - Loaded default TestExecutionListener class names from location [META-INF/spring.factories]: [org.springframework.boot.test.autoconfigure.restdocs.RestDocsTestExecutionListener, org.springframework.boot.test.autoconfigure.web.client.MockRestServiceServerResetTestExecutionListener, org.springframework.boot.test.autoconfigure.web.servlet.MockMvcPrintOnlyOnFailureTestExecutionListener, org.springframework.boot.test.autoconfigure.web.servlet.WebDriverTestExecutionListener, org.springframework.boot.test.autoconfigure.webservices.client.MockWebServiceServerTestExecutionListener, org.springframework.boot.test.mock.mockito.MockitoTestExecutionListener, org.springframework.boot.test.mock.mockito.ResetMocksTestExecutionListener, org.springframework.test.context.web.ServletTestExecutionListener, org.springframework.test.context.support.DirtiesContextBeforeModesTestExecutionListener, org.springframework.test.context.event.ApplicationEventsTestExecutionListener, org.springframework.test.context.support.DependencyInjectionTestExecutionListener, org.springframework.test.context.support.DirtiesContextTestExecutionListener, org.springframework.test.context.transaction.TransactionalTestExecutionListener, org.springframework.test.context.jdbc.SqlScriptsTestExecutionListener, org.springframework.test.context.event.EventPublishingTestExecutionListener]
16:09:39.498 [Test worker] INFO org.springframework.boot.test.context.SpringBootTestContextBootstrapper - Using TestExecutionListeners: [org.springframework.test.context.web.ServletTestExecutionListener@c1fca1e, org.springframework.test.context.support.DirtiesContextBeforeModesTestExecutionListener@241a53ef, org.springframework.test.context.event.ApplicationEventsTestExecutionListener@344344fa, org.springframework.boot.test.mock.mockito.MockitoTestExecutionListener@2db2cd5, org.springframework.boot.test.autoconfigure.SpringBootDependencyInjectionTestExecutionListener@70e659aa, org.springframework.test.context.support.DirtiesContextTestExecutionListener@615f972, org.springframework.test.context.transaction.TransactionalTestExecutionListener@285f09de, org.springframework.test.context.jdbc.SqlScriptsTestExecutionListener@73393584, org.springframework.test.context.event.EventPublishingTestExecutionListener@31500940, org.springframework.boot.test.autoconfigure.restdocs.RestDocsTestExecutionListener@1827a871, org.springframework.boot.test.autoconfigure.web.client.MockRestServiceServerResetTestExecutionListener@48e64352, org.springframework.boot.test.autoconfigure.web.servlet.MockMvcPrintOnlyOnFailureTestExecutionListener@7249dadf, org.springframework.boot.test.autoconfigure.web.servlet.WebDriverTestExecutionListener@4362d7df, org.springframework.boot.test.autoconfigure.webservices.client.MockWebServiceServerTestExecutionListener@66238be2, org.springframework.boot.test.mock.mockito.ResetMocksTestExecutionListener@1c25b8a7]
16:09:39.505 [Test worker] DEBUG org.springframework.test.context.support.AbstractDirtiesContextTestExecutionListener - Before test class: context [DefaultTestContext@5bbc9f97 testClass = JasyptConfigTest, testInstance = [null], testMethod = [null], testException = [null], mergedContextConfiguration = [WebMergedContextConfiguration@133e019b testClass = JasyptConfigTest, locations = '{}', classes = '{class com.npring.NpringApplication}', contextInitializerClasses = '[]', activeProfiles = '{}', propertySourceLocations = '{}', propertySourceProperties = '{org.springframework.boot.test.context.SpringBootTestContextBootstrapper=true}', contextCustomizers = set[org.springframework.boot.test.autoconfigure.actuate.metrics.MetricsExportContextCustomizerFactory$DisableMetricExportContextCustomizer@1c3146bc, org.springframework.boot.test.autoconfigure.properties.PropertyMappingContextCustomizer@0, org.springframework.boot.test.autoconfigure.web.servlet.WebDriverContextCustomizerFactory$Customizer@4ba302e0, org.springframework.boot.test.context.filter.ExcludeFilterContextCustomizer@31e4bb20, org.springframework.boot.test.json.DuplicateJsonObjectContextCustomizerFactory$DuplicateJsonObjectContextCustomizer@765f05af, org.springframework.boot.test.mock.mockito.MockitoContextCustomizer@0, org.springframework.boot.test.web.client.TestRestTemplateContextCustomizer@72ea6193, org.springframework.boot.test.context.SpringBootTestArgs@1, org.springframework.boot.test.context.SpringBootTestWebEnvironment@13d73f29], resourceBasePath = 'src/main/webapp', contextLoader = 'org.springframework.boot.test.context.SpringBootContextLoader', parent = [null]], attributes = map['org.springframework.test.context.web.ServletTestExecutionListener.activateListener' -> true]], class annotated with @DirtiesContext [false] with mode [null].

  .   ____          _            __ _ _
 /\\ / ___'_ __ _ _(_)_ __  __ _ \ \ \ \
( ( )\___ | '_ | '_| | '_ \/ _` | \ \ \ \
 \\/  ___)| |_)| | | | | || (_| |  ) ) ) )
  '  |____| .__|_| |_|_| |_\__, | / / / /
 =========|_|==============|___/=/_/_/_/
 :: Spring Boot ::                (v2.6.3)

2022-02-12 16:09:40.055  INFO 2126 --- [    Test worker] com.npring.config.JasyptConfigTest       : Starting JasyptConfigTest using Java 11.0.12 on MacBook-Air.local with PID 2126 (started by kimsunho in /Users/kimsunho/javaStudy/npring)
2022-02-12 16:09:40.057  INFO 2126 --- [    Test worker] com.npring.config.JasyptConfigTest       : No active profile set, falling back to default profiles: default
2022-02-12 16:09:43.284  INFO 2126 --- [    Test worker] ptablePropertiesBeanFactoryPostProcessor : Post-processing PropertySource instances
2022-02-12 16:09:43.322  INFO 2126 --- [    Test worker] c.u.j.EncryptablePropertySourceConverter : Converting PropertySource configurationProperties [org.springframework.boot.context.properties.source.ConfigurationPropertySourcesPropertySource] to AOP Proxy
2022-02-12 16:09:43.323  INFO 2126 --- [    Test worker] c.u.j.EncryptablePropertySourceConverter : Converting PropertySource test [org.springframework.core.env.MapPropertySource] to EncryptableMapPropertySourceWrapper
2022-02-12 16:09:43.323  INFO 2126 --- [    Test worker] c.u.j.EncryptablePropertySourceConverter : Converting PropertySource Inlined Test Properties [org.springframework.core.env.MapPropertySource] to EncryptableMapPropertySourceWrapper
2022-02-12 16:09:43.324  INFO 2126 --- [    Test worker] c.u.j.EncryptablePropertySourceConverter : Converting PropertySource servletConfigInitParams [org.springframework.core.env.PropertySource$StubPropertySource] to EncryptablePropertySourceWrapper
2022-02-12 16:09:43.324  INFO 2126 --- [    Test worker] c.u.j.EncryptablePropertySourceConverter : Converting PropertySource servletContextInitParams [org.springframework.web.context.support.ServletContextPropertySource] to EncryptableEnumerablePropertySourceWrapper
2022-02-12 16:09:43.324  INFO 2126 --- [    Test worker] c.u.j.EncryptablePropertySourceConverter : Converting PropertySource systemProperties [org.springframework.core.env.PropertiesPropertySource] to EncryptableMapPropertySourceWrapper
2022-02-12 16:09:43.324  INFO 2126 --- [    Test worker] c.u.j.EncryptablePropertySourceConverter : Converting PropertySource systemEnvironment [org.springframework.boot.env.SystemEnvironmentPropertySourceEnvironmentPostProcessor$OriginAwareSystemEnvironmentPropertySource] to EncryptableSystemEnvironmentPropertySourceWrapper
2022-02-12 16:09:43.324  INFO 2126 --- [    Test worker] c.u.j.EncryptablePropertySourceConverter : Converting PropertySource random [org.springframework.boot.env.RandomValuePropertySource] to EncryptablePropertySourceWrapper
2022-02-12 16:09:43.325  INFO 2126 --- [    Test worker] c.u.j.EncryptablePropertySourceConverter : Converting PropertySource Config resource 'class path resource [application.properties]' via location 'optional:classpath:/' [org.springframework.boot.env.OriginTrackedMapPropertySource] to EncryptableMapPropertySourceWrapper
2022-02-12 16:09:43.402  INFO 2126 --- [    Test worker] c.u.j.filter.DefaultLazyPropertyFilter   : Property Filter custom Bean not found with name 'encryptablePropertyFilter'. Initializing Default Property Filter
2022-02-12 16:09:43.795  INFO 2126 --- [    Test worker] c.u.j.r.DefaultLazyPropertyResolver      : Property Resolver custom Bean not found with name 'encryptablePropertyResolver'. Initializing Default Property Resolver
2022-02-12 16:09:43.802  INFO 2126 --- [    Test worker] c.u.j.d.DefaultLazyPropertyDetector      : Property Detector custom Bean not found with name 'encryptablePropertyDetector'. Initializing Default Property Detector
2022-02-12 16:09:46.145  INFO 2126 --- [    Test worker] com.npring.config.JasyptConfigTest       : Started JasyptConfigTest in 6.573 seconds (JVM running for 8.308)
username = 0FRse1lysSATiIlxSeczTw==
jasypt = Xoixp44+8ftrCD4VO7cKn1wEwHltafMk
]]></system-out>
  <system-err><![CDATA[]]></system-err>
</testsuite>
