<?xml version="1.0" encoding="UTF-8"?>
<testsuite name="com.npring.dbTest.OracleConnectionTest" tests="1" skipped="0" failures="0" errors="0" timestamp="2022-02-12T04:37:32" hostname="MacBook-Air.local" time="3.341">
  <properties/>
  <testcase name="testConnection()" classname="com.npring.dbTest.OracleConnectionTest" time="3.341"/>
  <system-out><![CDATA[13:37:25.104 [Test worker] DEBUG org.springframework.test.context.BootstrapUtils - Instantiating CacheAwareContextLoaderDelegate from class [org.springframework.test.context.cache.DefaultCacheAwareContextLoaderDelegate]
13:37:25.115 [Test worker] DEBUG org.springframework.test.context.BootstrapUtils - Instantiating BootstrapContext using constructor [public org.springframework.test.context.support.DefaultBootstrapContext(java.lang.Class,org.springframework.test.context.CacheAwareContextLoaderDelegate)]
13:37:25.164 [Test worker] DEBUG org.springframework.test.context.BootstrapUtils - Instantiating TestContextBootstrapper for test class [com.npring.dbTest.OracleConnectionTest] from class [org.springframework.boot.test.context.SpringBootTestContextBootstrapper]
13:37:25.178 [Test worker] INFO org.springframework.boot.test.context.SpringBootTestContextBootstrapper - Neither @ContextConfiguration nor @ContextHierarchy found for test class [com.npring.dbTest.OracleConnectionTest], using SpringBootContextLoader
13:37:25.183 [Test worker] DEBUG org.springframework.test.context.support.AbstractContextLoader - Did not detect default resource location for test class [com.npring.dbTest.OracleConnectionTest]: class path resource [com/npring/dbTest/OracleConnectionTest-context.xml] does not exist
13:37:25.184 [Test worker] DEBUG org.springframework.test.context.support.AbstractContextLoader - Did not detect default resource location for test class [com.npring.dbTest.OracleConnectionTest]: class path resource [com/npring/dbTest/OracleConnectionTestContext.groovy] does not exist
13:37:25.184 [Test worker] INFO org.springframework.test.context.support.AbstractContextLoader - Could not detect default resource locations for test class [com.npring.dbTest.OracleConnectionTest]: no resource found for suffixes {-context.xml, Context.groovy}.
13:37:25.185 [Test worker] INFO org.springframework.test.context.support.AnnotationConfigContextLoaderUtils - Could not detect default configuration classes for test class [com.npring.dbTest.OracleConnectionTest]: OracleConnectionTest does not declare any static, non-private, non-final, nested classes annotated with @Configuration.
13:37:25.256 [Test worker] DEBUG org.springframework.test.context.support.ActiveProfilesUtils - Could not find an 'annotation declaring class' for annotation type [org.springframework.test.context.ActiveProfiles] and class [com.npring.dbTest.OracleConnectionTest]
13:37:25.336 [Test worker] DEBUG org.springframework.context.annotation.ClassPathScanningCandidateComponentProvider - Identified candidate component class: file [/Users/kimsunho/javaStudy/npring/build/classes/java/main/com/npring/NpringApplication.class]
13:37:25.339 [Test worker] INFO org.springframework.boot.test.context.SpringBootTestContextBootstrapper - Found @SpringBootConfiguration com.npring.NpringApplication for test class com.npring.dbTest.OracleConnectionTest
13:37:25.458 [Test worker] DEBUG org.springframework.boot.test.context.SpringBootTestContextBootstrapper - @TestExecutionListeners is not present for class [com.npring.dbTest.OracleConnectionTest]: using defaults.
13:37:25.458 [Test worker] INFO org.springframework.boot.test.context.SpringBootTestContextBootstrapper - Loaded default TestExecutionListener class names from location [META-INF/spring.factories]: [org.springframework.boot.test.autoconfigure.restdocs.RestDocsTestExecutionListener, org.springframework.boot.test.autoconfigure.web.client.MockRestServiceServerResetTestExecutionListener, org.springframework.boot.test.autoconfigure.web.servlet.MockMvcPrintOnlyOnFailureTestExecutionListener, org.springframework.boot.test.autoconfigure.web.servlet.WebDriverTestExecutionListener, org.springframework.boot.test.autoconfigure.webservices.client.MockWebServiceServerTestExecutionListener, org.springframework.boot.test.mock.mockito.MockitoTestExecutionListener, org.springframework.boot.test.mock.mockito.ResetMocksTestExecutionListener, org.springframework.test.context.web.ServletTestExecutionListener, org.springframework.test.context.support.DirtiesContextBeforeModesTestExecutionListener, org.springframework.test.context.event.ApplicationEventsTestExecutionListener, org.springframework.test.context.support.DependencyInjectionTestExecutionListener, org.springframework.test.context.support.DirtiesContextTestExecutionListener, org.springframework.test.context.transaction.TransactionalTestExecutionListener, org.springframework.test.context.jdbc.SqlScriptsTestExecutionListener, org.springframework.test.context.event.EventPublishingTestExecutionListener]
13:37:25.511 [Test worker] INFO org.springframework.boot.test.context.SpringBootTestContextBootstrapper - Using TestExecutionListeners: [org.springframework.test.context.web.ServletTestExecutionListener@70e29e14, org.springframework.test.context.support.DirtiesContextBeforeModesTestExecutionListener@3b1bb3ab, org.springframework.test.context.event.ApplicationEventsTestExecutionListener@5a4bef8, org.springframework.boot.test.mock.mockito.MockitoTestExecutionListener@40bffbca, org.springframework.boot.test.autoconfigure.SpringBootDependencyInjectionTestExecutionListener@2449cff7, org.springframework.test.context.support.DirtiesContextTestExecutionListener@42a9a63e, org.springframework.test.context.transaction.TransactionalTestExecutionListener@62da83ed, org.springframework.test.context.jdbc.SqlScriptsTestExecutionListener@5d8445d7, org.springframework.test.context.event.EventPublishingTestExecutionListener@37d80fe7, org.springframework.boot.test.autoconfigure.restdocs.RestDocsTestExecutionListener@384fc774, org.springframework.boot.test.autoconfigure.web.client.MockRestServiceServerResetTestExecutionListener@e3cee7b, org.springframework.boot.test.autoconfigure.web.servlet.MockMvcPrintOnlyOnFailureTestExecutionListener@71e9a896, org.springframework.boot.test.autoconfigure.web.servlet.WebDriverTestExecutionListener@6b9267b, org.springframework.boot.test.autoconfigure.webservices.client.MockWebServiceServerTestExecutionListener@408b35bf, org.springframework.boot.test.mock.mockito.ResetMocksTestExecutionListener@29ad44e3]
13:37:25.525 [Test worker] DEBUG org.springframework.test.context.support.AbstractDirtiesContextTestExecutionListener - Before test class: context [DefaultTestContext@31500940 testClass = OracleConnectionTest, testInstance = [null], testMethod = [null], testException = [null], mergedContextConfiguration = [WebMergedContextConfiguration@1827a871 testClass = OracleConnectionTest, locations = '{}', classes = '{class com.npring.NpringApplication}', contextInitializerClasses = '[]', activeProfiles = '{}', propertySourceLocations = '{}', propertySourceProperties = '{org.springframework.boot.test.context.SpringBootTestContextBootstrapper=true}', contextCustomizers = set[org.springframework.boot.test.autoconfigure.actuate.metrics.MetricsExportContextCustomizerFactory$DisableMetricExportContextCustomizer@7fe7c640, org.springframework.boot.test.autoconfigure.properties.PropertyMappingContextCustomizer@0, org.springframework.boot.test.autoconfigure.web.servlet.WebDriverContextCustomizerFactory$Customizer@18cebaa5, org.springframework.boot.test.context.filter.ExcludeFilterContextCustomizer@13f17eb4, org.springframework.boot.test.json.DuplicateJsonObjectContextCustomizerFactory$DuplicateJsonObjectContextCustomizer@4409e975, org.springframework.boot.test.mock.mockito.MockitoContextCustomizer@0, org.springframework.boot.test.web.client.TestRestTemplateContextCustomizer@2ccca26f, org.springframework.boot.test.context.SpringBootTestArgs@1, org.springframework.boot.test.context.SpringBootTestWebEnvironment@1e16c0aa], resourceBasePath = 'src/main/webapp', contextLoader = 'org.springframework.boot.test.context.SpringBootContextLoader', parent = [null]], attributes = map['org.springframework.test.context.web.ServletTestExecutionListener.activateListener' -> true]], class annotated with @DirtiesContext [false] with mode [null].

  .   ____          _            __ _ _
 /\\ / ___'_ __ _ _(_)_ __  __ _ \ \ \ \
( ( )\___ | '_ | '_| | '_ \/ _` | \ \ \ \
 \\/  ___)| |_)| | | | | || (_| |  ) ) ) )
  '  |____| .__|_| |_|_| |_\__, | / / / /
 =========|_|==============|___/=/_/_/_/
 :: Spring Boot ::                (v2.6.3)

2022-02-12 13:37:26.261  INFO 4528 --- [    Test worker] com.npring.dbTest.OracleConnectionTest   : Starting OracleConnectionTest using Java 11.0.12 on MacBook-Air.local with PID 4528 (started by kimsunho in /Users/kimsunho/javaStudy/npring)
2022-02-12 13:37:26.264  INFO 4528 --- [    Test worker] com.npring.dbTest.OracleConnectionTest   : No active profile set, falling back to default profiles: default
2022-02-12 13:37:29.447  WARN 4528 --- [    Test worker] o.m.s.mapper.ClassPathMapperScanner      : No MyBatis mapper was found in '[com.npring.dao]' package. Please check your configuration.
2022-02-12 13:37:29.768  INFO 4528 --- [    Test worker] ptablePropertiesBeanFactoryPostProcessor : Post-processing PropertySource instances
2022-02-12 13:37:29.813  INFO 4528 --- [    Test worker] c.u.j.EncryptablePropertySourceConverter : Converting PropertySource configurationProperties [org.springframework.boot.context.properties.source.ConfigurationPropertySourcesPropertySource] to AOP Proxy
2022-02-12 13:37:29.815  INFO 4528 --- [    Test worker] c.u.j.EncryptablePropertySourceConverter : Converting PropertySource test [org.springframework.core.env.MapPropertySource] to EncryptableMapPropertySourceWrapper
2022-02-12 13:37:29.816  INFO 4528 --- [    Test worker] c.u.j.EncryptablePropertySourceConverter : Converting PropertySource Inlined Test Properties [org.springframework.core.env.MapPropertySource] to EncryptableMapPropertySourceWrapper
2022-02-12 13:37:29.816  INFO 4528 --- [    Test worker] c.u.j.EncryptablePropertySourceConverter : Converting PropertySource servletConfigInitParams [org.springframework.core.env.PropertySource$StubPropertySource] to EncryptablePropertySourceWrapper
2022-02-12 13:37:29.816  INFO 4528 --- [    Test worker] c.u.j.EncryptablePropertySourceConverter : Converting PropertySource servletContextInitParams [org.springframework.web.context.support.ServletContextPropertySource] to EncryptableEnumerablePropertySourceWrapper
2022-02-12 13:37:29.816  INFO 4528 --- [    Test worker] c.u.j.EncryptablePropertySourceConverter : Converting PropertySource systemProperties [org.springframework.core.env.PropertiesPropertySource] to EncryptableMapPropertySourceWrapper
2022-02-12 13:37:29.816  INFO 4528 --- [    Test worker] c.u.j.EncryptablePropertySourceConverter : Converting PropertySource systemEnvironment [org.springframework.boot.env.SystemEnvironmentPropertySourceEnvironmentPostProcessor$OriginAwareSystemEnvironmentPropertySource] to EncryptableSystemEnvironmentPropertySourceWrapper
2022-02-12 13:37:29.816  INFO 4528 --- [    Test worker] c.u.j.EncryptablePropertySourceConverter : Converting PropertySource random [org.springframework.boot.env.RandomValuePropertySource] to EncryptablePropertySourceWrapper
2022-02-12 13:37:29.816  INFO 4528 --- [    Test worker] c.u.j.EncryptablePropertySourceConverter : Converting PropertySource Config resource 'class path resource [application.properties]' via location 'optional:classpath:/' [org.springframework.boot.env.OriginTrackedMapPropertySource] to EncryptableMapPropertySourceWrapper
2022-02-12 13:37:29.893  INFO 4528 --- [    Test worker] c.u.j.filter.DefaultLazyPropertyFilter   : Property Filter custom Bean not found with name 'encryptablePropertyFilter'. Initializing Default Property Filter
2022-02-12 13:37:30.162  INFO 4528 --- [    Test worker] c.u.j.r.DefaultLazyPropertyResolver      : Property Resolver custom Bean not found with name 'encryptablePropertyResolver'. Initializing Default Property Resolver
2022-02-12 13:37:30.166  INFO 4528 --- [    Test worker] c.u.j.d.DefaultLazyPropertyDetector      : Property Detector custom Bean not found with name 'encryptablePropertyDetector'. Initializing Default Property Detector
2022-02-12 13:37:30.400  WARN 4528 --- [    Test worker] o.mybatis.spring.SqlSessionFactoryBean   : Property 'mapperLocations' was specified but matching resources are not found.
2022-02-12 13:37:32.538  INFO 4528 --- [    Test worker] com.npring.dbTest.OracleConnectionTest   : Started OracleConnectionTest in 6.943 seconds (JVM running for 8.757)
com.mysql.cj.jdbc.ConnectionImpl@11120583
]]></system-out>
  <system-err><![CDATA[]]></system-err>
</testsuite>
